Navigating to page...
Status: 200
Waiting for h1...
Verification failed: LocatorAssertions.to_be_visible: Error: strict mode violation: locator("h1") resolved to 2 elements:
    1) <h1 class="text-3xl md:text-5xl font-serif font-bold text-[#2c2c2c] tracking-tight mb-6 leading-tight">札幌・小樽 家族で楽しむ2泊3日</h1> aka get_by_role("heading", name="札幌・小樽 家族で楽しむ2泊3日")
    2) <h1 class="text-4xl sm:text-6xl font-serif text-stone-800 mb-4 tracking-tight">札幌・小樽</h1> aka get_by_role("heading", name="札幌・小樽", exact=True)

Call log:
  - Expect "to_be_visible" with timeout 30000ms
  - waiting for locator("h1")

Traceback (most recent call last):
  File "/home/jules/verification/verify_sample.py", line 38, in <module>
    test_sample_detail_page(page)
  File "/home/jules/verification/verify_sample.py", line 27, in test_sample_detail_page
    raise e
  File "/home/jules/verification/verify_sample.py", line 18, in test_sample_detail_page
    expect(page.locator("h1")).to_be_visible(timeout=30000)
  File "/home/jules/.pyenv/versions/3.12.12/lib/python3.12/site-packages/playwright/sync_api/_generated.py", line 20424, in to_be_visible
    self._sync(self._impl_obj.to_be_visible(visible=visible, timeout=timeout))
  File "/home/jules/.pyenv/versions/3.12.12/lib/python3.12/site-packages/playwright/_impl/_sync_base.py", line 115, in _sync
    return task.result()
           ^^^^^^^^^^^^^
  File "/home/jules/.pyenv/versions/3.12.12/lib/python3.12/site-packages/playwright/_impl/_assertions.py", line 763, in to_be_visible
    await self._expect_impl(
  File "/home/jules/.pyenv/versions/3.12.12/lib/python3.12/site-packages/playwright/_impl/_assertions.py", line 72, in _expect_impl
    result = await self._call_expect(expression, expect_options, title)
             ^^^^^^^^^^^^^^^^^^^^^^^^^^^^^^^^^^^^^^^^^^^^^^^^^^^^^^^^^^
  File "/home/jules/.pyenv/versions/3.12.12/lib/python3.12/site-packages/playwright/_impl/_assertions.py", line 178, in _call_expect
    return await self._actual_locator._expect(expression, expect_options, title)
           ^^^^^^^^^^^^^^^^^^^^^^^^^^^^^^^^^^^^^^^^^^^^^^^^^^^^^^^^^^^^^^^^^^^^^
  File "/home/jules/.pyenv/versions/3.12.12/lib/python3.12/site-packages/playwright/_impl/_locator.py", line 726, in _expect
    return await self._frame._expect(self._selector, expression, options, title)
           ^^^^^^^^^^^^^^^^^^^^^^^^^^^^^^^^^^^^^^^^^^^^^^^^^^^^^^^^^^^^^^^^^^^^^
  File "/home/jules/.pyenv/versions/3.12.12/lib/python3.12/site-packages/playwright/_impl/_frame.py", line 189, in _expect
    result = await self._channel.send_return_as_dict(
             ^^^^^^^^^^^^^^^^^^^^^^^^^^^^^^^^^^^^^^^^
  File "/home/jules/.pyenv/versions/3.12.12/lib/python3.12/site-packages/playwright/_impl/_connection.py", line 83, in send_return_as_dict
    return await self._connection.wrap_api_call(
           ^^^^^^^^^^^^^^^^^^^^^^^^^^^^^^^^^^^^^
  File "/home/jules/.pyenv/versions/3.12.12/lib/python3.12/site-packages/playwright/_impl/_connection.py", line 558, in wrap_api_call
    raise rewrite_error(error, f"{parsed_st['apiName']}: {error}") from None
playwright._impl._errors.Error: LocatorAssertions.to_be_visible: Error: strict mode violation: locator("h1") resolved to 2 elements:
    1) <h1 class="text-3xl md:text-5xl font-serif font-bold text-[#2c2c2c] tracking-tight mb-6 leading-tight">札幌・小樽 家族で楽しむ2泊3日</h1> aka get_by_role("heading", name="札幌・小樽 家族で楽しむ2泊3日")
    2) <h1 class="text-4xl sm:text-6xl font-serif text-stone-800 mb-4 tracking-tight">札幌・小樽</h1> aka get_by_role("heading", name="札幌・小樽", exact=True)

Call log:
  - Expect "to_be_visible" with timeout 30000ms
  - waiting for locator("h1")
